<?xml version="1.0" encoding="UTF-8"?>
<!-- Generated by org.testng.reporters.JUnitReportReporter -->
<testsuite hostname="DESKTOP-L5C4UAR" failures="0" tests="2" name="com.webstaurant.testcases.HomePageTest" time="98.035" errors="0" timestamp="2020-01-21T10:40:42 EST" skipped="0">
  <testcase classname="com.webstaurant.testcases.HomePageTest" name="checkTitleOfAllItems" time="68.850"/>
  <testcase classname="com.webstaurant.testcases.HomePageTest" name="addTheLastFoundItemToCard" time="29.185"/>
</testsuite> <!-- com.webstaurant.testcases.HomePageTest -->
